TN:
SF:src\modules\statements\useCases\createStatement\CreateStatementController.ts
FN:1,(empty-report)
FNF:1
FNH:0
FNDA:0,(empty-report)
DA:1,0
DA:2,0
DA:3,0
DA:4,0
DA:5,0
DA:6,0
DA:7,0
DA:8,0
DA:9,0
DA:10,0
DA:11,0
DA:12,0
DA:13,0
DA:14,0
DA:15,0
DA:16,0
DA:17,0
DA:18,0
DA:19,0
DA:20,0
DA:21,0
DA:22,0
DA:23,0
DA:24,0
DA:25,0
DA:26,0
DA:27,0
DA:28,0
DA:29,0
DA:30,0
DA:31,0
DA:32,0
LF:32
LH:0
BRDA:1,0,0,0
BRF:1
BRH:0
end_of_record
TN:
SF:src\modules\statements\useCases\createStatement\CreateStatementError.ts
FN:5,UserNotFound
FN:11,InsufficientFunds
FNF:2
FNH:2
FNDA:2,UserNotFound
FNDA:2,InsufficientFunds
DA:1,1
DA:2,1
DA:3,4
DA:4,4
DA:5,4
DA:6,2
DA:7,2
DA:8,4
DA:9,4
DA:10,4
DA:11,4
DA:12,2
DA:13,2
DA:14,4
DA:15,4
LF:15
LH:15
BRDA:3,0,0,4
BRDA:4,1,0,4
BRDA:5,2,0,2
BRDA:10,3,0,4
BRDA:11,4,0,2
BRF:5
BRH:5
end_of_record
TN:
SF:src\modules\statements\useCases\createStatement\CreateStatementUseCase.ts
FN:10,CreateStatementUseCase
FN:18,Object.<anonymous>.CreateStatementUseCase.execute
FNF:2
FNH:2
FNDA:8,CreateStatementUseCase
FNDA:9,Object.<anonymous>.CreateStatementUseCase.execute
DA:1,1
DA:2,1
DA:3,1
DA:4,1
DA:5,1
DA:6,1
DA:7,1
DA:8,1
DA:9,4
DA:10,4
DA:11,8
DA:12,8
DA:13,8
DA:14,8
DA:15,8
DA:16,8
DA:17,4
DA:18,4
DA:19,9
DA:20,9
DA:21,9
DA:22,1
DA:23,1
DA:24,8
DA:25,8
DA:26,2
DA:27,9
DA:28,9
DA:29,9
DA:30,9
DA:31,9
DA:32,9
DA:33,9
DA:34,7
DA:35,7
DA:36,7
DA:37,7
DA:38,7
DA:39,9
DA:40,9
DA:41,9
DA:42,4
LF:42
LH:42
BRDA:9,0,0,4
BRDA:10,1,0,8
BRDA:18,2,0,9
BRDA:19,3,0,9
BRDA:21,4,0,1
BRDA:24,5,0,8
BRDA:25,6,0,6
BRDA:25,7,0,2
BRDA:33,8,0,7
BRF:9
BRH:9
end_of_record
TN:
SF:src\modules\statements\useCases\createStatement\ICreateStatementDTO.ts
FN:1,(empty-report)
FNF:1
FNH:0
FNDA:0,(empty-report)
DA:1,0
DA:2,0
DA:3,0
DA:4,0
DA:5,0
DA:6,0
DA:7,0
DA:8,0
DA:9,0
DA:10,0
LF:10
LH:0
BRDA:1,0,0,0
BRF:1
BRH:0
end_of_record
TN:
SF:src\modules\statements\useCases\getBalance\GetBalanceController.ts
FN:1,(empty-report)
FNF:1
FNH:0
FNDA:0,(empty-report)
DA:1,0
DA:2,0
DA:3,0
DA:4,0
DA:5,0
DA:6,0
DA:7,0
DA:8,0
DA:9,0
DA:10,0
DA:11,0
DA:12,0
DA:13,0
DA:14,0
DA:15,0
DA:16,0
DA:17,0
DA:18,0
DA:19,0
LF:19
LH:0
BRDA:1,0,0,0
BRF:1
BRH:0
end_of_record
TN:
SF:src\modules\statements\useCases\getBalance\GetBalanceError.ts
FN:4,GetBalanceError
FNF:1
FNH:1
FNDA:2,GetBalanceError
DA:1,1
DA:2,1
DA:3,2
DA:4,2
DA:5,2
DA:6,2
DA:7,2
LF:7
LH:7
BRDA:3,0,0,2
BRDA:4,1,0,2
BRF:2
BRH:2
end_of_record
TN:
SF:src\modules\statements\useCases\getBalance\GetBalanceUseCase.ts
FN:20,GetBalanceUseCase
FN:28,Object.<anonymous>.GetBalanceUseCase.execute
FNF:2
FNH:2
FNDA:6,GetBalanceUseCase
FNDA:3,Object.<anonymous>.GetBalanceUseCase.execute
DA:1,1
DA:2,1
DA:3,1
DA:4,1
DA:5,1
DA:6,1
DA:7,1
DA:8,1
DA:9,1
DA:10,1
DA:11,1
DA:12,1
DA:13,1
DA:14,1
DA:15,1
DA:16,1
DA:17,1
DA:18,1
DA:19,2
DA:20,2
DA:21,6
DA:22,6
DA:23,6
DA:24,6
DA:25,6
DA:26,6
DA:27,2
DA:28,2
DA:29,3
DA:30,3
DA:31,3
DA:32,1
DA:33,1
DA:34,2
DA:35,2
DA:36,2
DA:37,2
DA:38,2
DA:39,3
DA:40,3
DA:41,3
DA:42,2
LF:42
LH:42
BRDA:19,0,0,2
BRDA:20,1,0,6
BRDA:28,2,0,3
BRDA:29,3,0,3
BRDA:31,4,0,2
BRDA:31,5,0,1
BRF:6
BRH:6
end_of_record
TN:
SF:src\modules\statements\useCases\getBalance\IGetBalanceDTO.ts
FN:1,(empty-report)
FNF:1
FNH:0
FNDA:0,(empty-report)
DA:1,0
DA:2,0
DA:3,0
DA:4,0
LF:4
LH:0
BRDA:1,0,0,0
BRF:1
BRH:0
end_of_record
TN:
SF:src\modules\statements\useCases\getStatementOperation\GetStatementOperationController.ts
FN:1,(empty-report)
FNF:1
FNH:0
FNDA:0,(empty-report)
DA:1,0
DA:2,0
DA:3,0
DA:4,0
DA:5,0
DA:6,0
DA:7,0
DA:8,0
DA:9,0
DA:10,0
DA:11,0
DA:12,0
DA:13,0
DA:14,0
DA:15,0
DA:16,0
DA:17,0
DA:18,0
DA:19,0
DA:20,0
LF:20
LH:0
BRDA:1,0,0,0
BRF:1
BRH:0
end_of_record
TN:
SF:src\modules\statements\useCases\getStatementOperation\GetStatementOperationError.ts
FN:5,UserNotFound
FN:11,StatementNotFound
FNF:2
FNH:0
FNDA:0,UserNotFound
FNDA:0,StatementNotFound
DA:1,1
DA:2,1
DA:3,1
DA:4,1
DA:5,1
DA:6,0
DA:7,0
DA:8,1
DA:9,1
DA:10,1
DA:11,1
DA:12,0
DA:13,0
DA:14,1
DA:15,1
LF:15
LH:11
BRDA:3,0,0,1
BRDA:4,1,0,1
BRDA:10,2,0,1
BRF:3
BRH:3
end_of_record
TN:
SF:src\modules\statements\useCases\getStatementOperation\GetStatementOperationUseCase.ts
FN:14,GetStatementOperationUseCase
FN:22,Object.<anonymous>.GetStatementOperationUseCase.execute
FNF:2
FNH:2
FNDA:1,GetStatementOperationUseCase
FNDA:1,Object.<anonymous>.GetStatementOperationUseCase.execute
DA:1,1
DA:2,1
DA:3,1
DA:4,1
DA:5,1
DA:6,1
DA:7,1
DA:8,1
DA:9,1
DA:10,1
DA:11,1
DA:12,1
DA:13,1
DA:14,1
DA:15,1
DA:16,1
DA:17,1
DA:18,1
DA:19,1
DA:20,1
DA:21,1
DA:22,1
DA:23,1
DA:24,1
DA:25,1
DA:26,0
DA:27,0
DA:28,1
DA:29,1
DA:30,1
DA:31,1
DA:32,1
DA:33,0
DA:34,0
DA:35,1
DA:36,1
DA:37,1
DA:38,1
LF:38
LH:34
BRDA:13,0,0,1
BRDA:14,1,0,1
BRDA:22,2,0,1
BRDA:23,3,0,1
BRDA:25,4,0,0
BRDA:32,5,0,0
BRF:6
BRH:4
end_of_record
TN:
SF:src\modules\statements\useCases\getStatementOperation\IGetStatementOperationDTO.ts
FN:1,(empty-report)
FNF:1
FNH:0
FNDA:0,(empty-report)
DA:1,0
DA:2,0
DA:3,0
DA:4,0
LF:4
LH:0
BRDA:1,0,0,0
BRF:1
BRH:0
end_of_record
TN:
SF:src\modules\tranfers\useCases\CreateTranfersError.ts
FN:1,(empty-report)
FNF:1
FNH:0
FNDA:0,(empty-report)
DA:1,0
DA:2,0
DA:3,0
DA:4,0
DA:5,0
DA:6,0
DA:7,0
DA:8,0
DA:9,0
LF:9
LH:0
BRDA:1,0,0,0
BRF:1
BRH:0
end_of_record
TN:
SF:src\modules\tranfers\useCases\CreateTransfersController.ts
FN:1,(empty-report)
FNF:1
FNH:0
FNDA:0,(empty-report)
DA:1,0
LF:1
LH:0
BRDA:1,0,0,0
BRF:1
BRH:0
end_of_record
TN:
SF:src\modules\tranfers\useCases\CreateTransfersUseCase.ts
FN:11,CreateTransfersUseCase
FN:22,Object.<anonymous>.CreateTransfersUseCase.execute
FNF:2
FNH:2
FNDA:1,CreateTransfersUseCase
FNDA:1,Object.<anonymous>.CreateTransfersUseCase.execute
DA:1,1
DA:2,1
DA:3,1
DA:4,1
DA:5,1
DA:6,1
DA:7,1
DA:8,1
DA:9,1
DA:10,1
DA:11,1
DA:12,1
DA:13,1
DA:14,1
DA:15,1
DA:16,1
DA:17,1
DA:18,1
DA:19,1
DA:20,1
DA:21,1
DA:22,1
DA:23,1
DA:24,1
DA:25,1
DA:26,0
DA:27,0
DA:28,1
DA:29,1
DA:30,1
DA:31,1
LF:31
LH:29
BRDA:10,0,0,1
BRDA:11,1,0,1
BRDA:22,2,0,1
BRDA:25,3,0,0
BRF:4
BRH:3
end_of_record
TN:
SF:src\modules\tranfers\useCases\ICreateTransferDTO.ts
FN:1,(empty-report)
FNF:1
FNH:0
FNDA:0,(empty-report)
DA:1,0
DA:2,0
DA:3,0
DA:4,0
DA:5,0
LF:5
LH:0
BRDA:1,0,0,0
BRF:1
BRH:0
end_of_record
TN:
SF:src\modules\users\useCases\authenticateUser\AuthenticateUserController.ts
FN:1,(empty-report)
FNF:1
FNH:0
FNDA:0,(empty-report)
DA:1,0
DA:2,0
DA:3,0
DA:4,0
DA:5,0
DA:6,0
DA:7,0
DA:8,0
DA:9,0
DA:10,0
DA:11,0
DA:12,0
DA:13,0
DA:14,0
DA:15,0
DA:16,0
DA:17,0
DA:18,0
DA:19,0
LF:19
LH:0
BRDA:1,0,0,0
BRF:1
BRH:0
end_of_record
TN:
SF:src\modules\users\useCases\authenticateUser\AuthenticateUserUseCase.ts
FN:18,AuthenticateUserUseCase
FN:23,Object.<anonymous>.AuthenticateUserUseCase.execute
FNF:2
FNH:2
FNDA:3,AuthenticateUserUseCase
FNDA:3,Object.<anonymous>.AuthenticateUserUseCase.execute
DA:1,1
DA:2,1
DA:3,1
DA:4,1
DA:5,1
DA:6,1
DA:7,1
DA:8,1
DA:9,1
DA:10,1
DA:11,1
DA:12,1
DA:13,1
DA:14,1
DA:15,1
DA:16,1
DA:17,1
DA:18,1
DA:19,3
DA:20,3
DA:21,3
DA:22,1
DA:23,1
DA:24,3
DA:25,3
DA:26,3
DA:27,1
DA:28,1
DA:29,2
DA:30,2
DA:31,3
DA:32,3
DA:33,1
DA:34,1
DA:35,1
DA:36,1
DA:37,1
DA:38,1
DA:39,1
DA:40,1
DA:41,1
DA:42,1
DA:43,1
DA:44,1
DA:45,1
DA:46,1
DA:47,1
DA:48,1
DA:49,1
DA:50,1
DA:51,3
DA:52,1
LF:52
LH:52
BRDA:17,0,0,1
BRDA:18,1,0,3
BRDA:23,2,0,3
BRDA:24,3,0,3
BRDA:26,4,0,1
BRDA:29,5,0,2
BRDA:32,6,0,1
BRF:7
BRH:7
end_of_record
TN:
SF:src\modules\users\useCases\authenticateUser\IAuthenticateUserResponseDTO.ts
FN:1,(empty-report)
FNF:1
FNH:0
FNDA:0,(empty-report)
DA:1,0
DA:2,0
DA:3,0
DA:4,0
DA:5,0
DA:6,0
LF:6
LH:0
BRDA:1,0,0,0
BRF:1
BRH:0
end_of_record
TN:
SF:src\modules\users\useCases\authenticateUser\IncorrectEmailOrPasswordError.ts
FN:4,IncorrectEmailOrPasswordError
FNF:1
FNH:1
FNDA:4,IncorrectEmailOrPasswordError
DA:1,1
DA:2,1
DA:3,1
DA:4,1
DA:5,4
DA:6,4
DA:7,1
LF:7
LH:7
BRDA:3,0,0,1
BRDA:4,1,0,4
BRF:2
BRH:2
end_of_record
TN:
SF:src\modules\users\useCases\createUser\CreateUserController.ts
FN:1,(empty-report)
FNF:1
FNH:0
FNDA:0,(empty-report)
DA:1,0
DA:2,0
DA:3,0
DA:4,0
DA:5,0
DA:6,0
DA:7,0
DA:8,0
DA:9,0
DA:10,0
DA:11,0
DA:12,0
DA:13,0
DA:14,0
DA:15,0
DA:16,0
DA:17,0
DA:18,0
DA:19,0
DA:20,0
LF:20
LH:0
BRDA:1,0,0,0
BRF:1
BRH:0
end_of_record
TN:
SF:src\modules\users\useCases\createUser\CreateUserError.ts
FN:4,CreateUserError
FNF:1
FNH:1
FNDA:2,CreateUserError
DA:1,1
DA:2,1
DA:3,7
DA:4,7
DA:5,2
DA:6,2
DA:7,7
LF:7
LH:7
BRDA:3,0,0,7
BRDA:4,1,0,2
BRF:2
BRH:2
end_of_record
TN:
SF:src\modules\users\useCases\createUser\CreateUserUseCase.ts
FN:12,CreateUserUseCase
FN:17,Object.<anonymous>.CreateUserUseCase.execute
FNF:2
FNH:2
FNDA:15,CreateUserUseCase
FNDA:14,Object.<anonymous>.CreateUserUseCase.execute
DA:1,1
DA:2,1
DA:3,1
DA:4,1
DA:5,1
DA:6,1
DA:7,1
DA:8,1
DA:9,1
DA:10,1
DA:11,7
DA:12,7
DA:13,15
DA:14,15
DA:15,15
DA:16,7
DA:17,7
DA:18,14
DA:19,14
DA:20,14
DA:21,1
DA:22,1
DA:23,13
DA:24,13
DA:25,14
DA:26,14
DA:27,14
DA:28,14
DA:29,14
DA:30,14
DA:31,14
DA:32,14
DA:33,14
DA:34,7
LF:34
LH:34
BRDA:11,0,0,7
BRDA:12,1,0,15
BRDA:17,2,0,14
BRDA:18,3,0,14
BRDA:20,4,0,1
BRDA:23,5,0,13
BRF:6
BRH:6
end_of_record
TN:
SF:src\modules\users\useCases\createUser\ICreateUserDTO.ts
FN:1,(empty-report)
FNF:1
FNH:0
FNDA:0,(empty-report)
DA:1,0
DA:2,0
DA:3,0
DA:4,0
DA:5,0
LF:5
LH:0
BRDA:1,0,0,0
BRF:1
BRH:0
end_of_record
TN:
SF:src\modules\users\useCases\showUserProfile\ShowUserProfileController.ts
FN:1,(empty-report)
FNF:1
FNH:0
FNDA:0,(empty-report)
DA:1,0
DA:2,0
DA:3,0
DA:4,0
DA:5,0
DA:6,0
DA:7,0
DA:8,0
DA:9,0
DA:10,0
DA:11,0
DA:12,0
DA:13,0
DA:14,0
DA:15,0
DA:16,0
DA:17,0
DA:18,0
DA:19,0
LF:19
LH:0
BRDA:1,0,0,0
BRF:1
BRH:0
end_of_record
TN:
SF:src\modules\users\useCases\showUserProfile\ShowUserProfileError.ts
FN:4,ShowUserProfileError
FNF:1
FNH:1
FNDA:2,ShowUserProfileError
DA:1,1
DA:2,1
DA:3,1
DA:4,1
DA:5,2
DA:6,2
DA:7,1
LF:7
LH:7
BRDA:3,0,0,1
BRDA:4,1,0,2
BRF:2
BRH:2
end_of_record
TN:
SF:src\modules\users\useCases\showUserProfile\ShowUserProfileUseCase.ts
FN:8,ShowUserProfileUseCase
FN:13,Object.<anonymous>.ShowUserProfileUseCase.execute
FNF:2
FNH:2
FNDA:2,ShowUserProfileUseCase
FNDA:2,Object.<anonymous>.ShowUserProfileUseCase.execute
DA:1,1
DA:2,1
DA:3,1
DA:4,1
DA:5,1
DA:6,1
DA:7,1
DA:8,1
DA:9,2
DA:10,2
DA:11,2
DA:12,1
DA:13,1
DA:14,2
DA:15,2
DA:16,2
DA:17,1
DA:18,1
DA:19,1
DA:20,1
DA:21,2
DA:22,1
LF:22
LH:22
BRDA:7,0,0,1
BRDA:8,1,0,2
BRDA:13,2,0,2
BRDA:14,3,0,2
BRDA:16,4,0,1
BRF:5
BRH:5
end_of_record
